2023-01-12 08:46:42.515 [JavaFX Application Thread] INFO  SQL dialect - HHH000400: Using dialect: org.hibernate.dialect.H2Dialect
2023-01-12 08:52:49.252 [JavaFX Application Thread] INFO  SQL dialect - HHH000400: Using dialect: org.hibernate.dialect.H2Dialect
2023-01-12 08:53:58.965 [JavaFX Application Thread] INFO  SQL dialect - HHH000400: Using dialect: org.hibernate.dialect.H2Dialect
2023-01-12 08:54:57.122 [JavaFX Application Thread] INFO  SQL dialect - HHH000400: Using dialect: org.hibernate.dialect.H2Dialect
2023-01-12 08:56:09.212 [JavaFX Application Thread] INFO  SQL dialect - HHH000400: Using dialect: org.hibernate.dialect.H2Dialect
2023-01-12 08:56:32.852 [JavaFX Application Thread] INFO  SQL dialect - HHH000400: Using dialect: org.hibernate.dialect.H2Dialect
2023-01-12 08:57:50.520 [JavaFX Application Thread] INFO  SQL dialect - HHH000400: Using dialect: org.hibernate.dialect.H2Dialect
2023-01-12 09:08:57.306 [JavaFX Application Thread] INFO  SQL dialect - HHH000400: Using dialect: org.hibernate.dialect.H2Dialect
2023-01-12 14:41:15.711 [JavaFX Application Thread] INFO  SQL dialect - HHH000400: Using dialect: org.hibernate.dialect.H2Dialect
2023-01-12 14:46:31.906 [JavaFX Application Thread] INFO  SQL dialect - HHH000400: Using dialect: org.hibernate.dialect.H2Dialect
2023-01-12 14:49:50.673 [JavaFX Application Thread] INFO  SQL dialect - HHH000400: Using dialect: org.hibernate.dialect.H2Dialect
2023-01-12 14:50:01.504 [JavaFX Application Thread] INFO  com.fhv.hotelmanagement.persistence.PersistenceFacade - Reservation with number 1 was stored.
2023-01-12 14:55:54.627 [JavaFX Application Thread] INFO  SQL dialect - HHH000400: Using dialect: org.hibernate.dialect.H2Dialect
2023-01-12 14:56:02.561 [JavaFX Application Thread] INFO  com.fhv.hotelmanagement.persistence.PersistenceFacade - Booking with number 1 was inserted.
2023-01-12 14:56:02.575 [JavaFX Application Thread] INFO  com.fhv.hotelmanagement.persistence.PersistenceFacade - Reservation with number 1 was stored.
2023-01-12 14:57:33.171 [JavaFX Application Thread] INFO  SQL dialect - HHH000400: Using dialect: org.hibernate.dialect.H2Dialect
2023-01-12 14:58:40.235 [JavaFX Application Thread] INFO  SQL dialect - HHH000400: Using dialect: org.hibernate.dialect.H2Dialect
2023-01-12 15:01:14.799 [JavaFX Application Thread] INFO  SQL dialect - HHH000400: Using dialect: org.hibernate.dialect.H2Dialect
2023-01-12 15:01:44.654 [JavaFX Application Thread] INFO  com.fhv.hotelmanagement.persistence.PersistenceFacade - Booking with number 33 was inserted.
2023-01-12 15:01:44.665 [JavaFX Application Thread] INFO  com.fhv.hotelmanagement.persistence.PersistenceFacade - Reservation with number 2 was stored.
2023-01-12 15:14:13.926 [JavaFX Application Thread] INFO  SQL dialect - HHH000400: Using dialect: org.hibernate.dialect.H2Dialect
2023-01-12 15:16:15.130 [JavaFX Application Thread] INFO  SQL dialect - HHH000400: Using dialect: org.hibernate.dialect.H2Dialect
2023-01-12 15:16:23.005 [JavaFX Application Thread] INFO  com.fhv.hotelmanagement.persistence.PersistenceFacade - Reservation with number 33 was stored.
2023-01-12 15:20:22.017 [JavaFX Application Thread] INFO  SQL dialect - HHH000400: Using dialect: org.hibernate.dialect.H2Dialect
2023-01-12 15:20:40.958 [JavaFX Application Thread] INFO  com.fhv.hotelmanagement.persistence.PersistenceFacade - Booking with number 34 was inserted.
2023-01-12 15:20:40.974 [JavaFX Application Thread] INFO  com.fhv.hotelmanagement.persistence.PersistenceFacade - Reservation with number 33 was stored.
2023-01-12 15:21:14.927 [JavaFX Application Thread] INFO  com.fhv.hotelmanagement.persistence.PersistenceFacade - Customer with number 33 was stored.
2023-01-12 15:21:14.947 [JavaFX Application Thread] INFO  com.fhv.hotelmanagement.persistence.PersistenceFacade - Booking with number 34 was stored.
